<?xml version="1.0" encoding="UTF-8"?>
<!-- Generated by org.testng.reporters.JUnitReportReporter -->
<testsuite hostname="IN15I51216GR512" failures="0" tests="1" name="test.test1" time="1.227" errors="0" timestamp="2025-08-06T12:25:26 IST" skipped="0">
  <testcase classname="test.test1" name="test" time="1.227"/>
</testsuite> <!-- test.test1 -->
